<?xml version="1.0" encoding="UTF-8"?>
<testng-results ignored="0" total="1" passed="1" failed="0" skipped="0">
  <reporter-output>
  </reporter-output>
  <suite started-at="2023-07-02T14:36:04 IST" name="Suite" finished-at="2023-07-02T14:36:25 IST" duration-ms="20777">
    <groups>
      <group name="Master">
        <method signature="TC_001_LoginTest.UserLogin()[pri:0, instance:testCases.TC_001_LoginTest@7f3b84b8]" name="UserLogin" class="testCases.TC_001_LoginTest"/>
      </group> <!-- Master -->
      <group name="Sanity">
        <method signature="TC_001_LoginTest.UserLogin()[pri:0, instance:testCases.TC_001_LoginTest@7f3b84b8]" name="UserLogin" class="testCases.TC_001_LoginTest"/>
      </group> <!-- Sanity -->
    </groups>
    <test started-at="2023-07-02T14:36:04 IST" name="Test" finished-at="2023-07-02T14:36:25 IST" duration-ms="20777">
      <class name="testCases.TC_001_LoginTest">
        <test-method is-config="true" signature="setup(java.lang.String)[pri:0, instance:testCases.TC_001_LoginTest@7f3b84b8]" started-at="2023-07-02T14:36:04 IST" name="setup" finished-at="2023-07-02T14:36:25 IST" duration-ms="20237" status="PASS">
          <params>
            <param index="0">
              <value>
                <![CDATA[chrome]]>
              </value>
            </param>
          </params>
          <reporter-output>
          </reporter-output>
        </test-method> <!-- setup -->
        <test-method signature="UserLogin()[pri:0, instance:testCases.TC_001_LoginTest@7f3b84b8]" started-at="2023-07-02T14:36:25 IST" name="UserLogin" finished-at="2023-07-02T14:36:25 IST" duration-ms="59" status="PASS">
          <reporter-output>
          </reporter-output>
        </test-method> <!-- UserLogin -->
        <test-method is-config="true" signature="tearDown()[pri:0, instance:testCases.TC_001_LoginTest@7f3b84b8]" started-at="2023-07-02T14:36:25 IST" name="tearDown" finished-at="2023-07-02T14:36:25 IST" duration-ms="112" status="PASS">
          <reporter-output>
          </reporter-output>
        </test-method> <!-- tearDown -->
      </class> <!-- testCases.TC_001_LoginTest -->
    </test> <!-- Test -->
  </suite> <!-- Suite -->
</testng-results>
